E:\HY\IMAGEPROCESS\IMAGEPROCESS\X64\RELEASE\.NETFRAMEWORK,VERSION=V4.0.ASSEMBLYATTRIBUTES.OBJ
E:\HY\IMAGEPROCESS\IMAGEPROCESS\X64\RELEASE\APP.RES
E:\HY\IMAGEPROCESS\IMAGEPROCESS\X64\RELEASE\ASSEMBLYINFO.OBJ
E:\hy\ImageProcess\ImageProcess\x64\Release\cl.command.1.tlog
E:\hy\ImageProcess\ImageProcess\x64\Release\CL.read.1.tlog
E:\hy\ImageProcess\ImageProcess\x64\Release\CL.write.1.tlog
E:\HY\IMAGEPROCESS\IMAGEPROCESS\X64\RELEASE\IMAGECONTROLPROCESS.OBJ
E:\HY\IMAGEPROCESS\IMAGEPROCESS\X64\RELEASE\IMAGEPROCESS.DLL.INTERMEDIATE.MANIFEST
E:\hy\ImageProcess\ImageProcess\x64\Release\ImageProcess.ImageProcessControl.resources
E:\hy\ImageProcess\ImageProcess\x64\Release\ImageProcess.LoadingForm.resources
E:\HY\IMAGEPROCESS\IMAGEPROCESS\X64\RELEASE\IMAGEPROCESS.OBJ
E:\HY\IMAGEPROCESS\IMAGEPROCESS\X64\RELEASE\IMAGEPROCESS.PCH
E:\hy\ImageProcess\ImageProcess\x64\Release\ImageProcess.vcxproj.GenerateResource.Cache
E:\hy\ImageProcess\ImageProcess\x64\Release\ImageProcess.vcxprojResolveAssemblyReference.cache
E:\hy\ImageProcess\ImageProcess\x64\Release\ImageProcess.write.1.tlog
E:\HY\IMAGEPROCESS\IMAGEPROCESS\X64\RELEASE\IMAGEPROCESSCONTROL.OBJ
E:\hy\ImageProcess\ImageProcess\x64\Release\link.command.1.tlog
E:\hy\ImageProcess\ImageProcess\x64\Release\link.read.1.tlog
E:\hy\ImageProcess\ImageProcess\x64\Release\link.write.1.tlog
E:\hy\ImageProcess\ImageProcess\x64\Release\link-cvtres.read.1.tlog
E:\hy\ImageProcess\ImageProcess\x64\Release\link-cvtres.write.1.tlog
E:\HY\IMAGEPROCESS\IMAGEPROCESS\X64\RELEASE\LOADINGFORM.OBJ
E:\hy\ImageProcess\ImageProcess\x64\Release\mt.command.1.tlog
E:\hy\ImageProcess\ImageProcess\x64\Release\mt.read.1.tlog
E:\hy\ImageProcess\ImageProcess\x64\Release\mt.write.1.tlog
E:\hy\ImageProcess\ImageProcess\x64\Release\rc.command.1.tlog
E:\hy\ImageProcess\ImageProcess\x64\Release\rc.read.1.tlog
E:\hy\ImageProcess\ImageProcess\x64\Release\rc.write.1.tlog
E:\HY\IMAGEPROCESS\IMAGEPROCESS\X64\RELEASE\SHOWIMAGE.OBJ
E:\HY\IMAGEPROCESS\IMAGEPROCESS\X64\RELEASE\STDAFX.OBJ
E:\HY\IMAGEPROCESS\IMAGEPROCESS\X64\RELEASE\VC100.PDB
E:\hy\ImageProcess\x64\Release\DevComponents.DotNetBar.Design.dll
E:\hy\ImageProcess\x64\Release\DevComponents.DotNetBar.Keyboard.dll
E:\hy\ImageProcess\x64\Release\DevComponents.DotNetBar.Schedule.dll
E:\hy\ImageProcess\x64\Release\DevComponents.DotNetBar.SuperGrid.dll
E:\hy\ImageProcess\x64\Release\DevComponents.DotNetBar2.dll
E:\hy\ImageProcess\x64\Release\DevComponents.Instrumentation.Design.dll
E:\hy\ImageProcess\x64\Release\DevComponents.Instrumentation.dll
E:\hy\ImageProcess\x64\Release\DevComponents.SuperGrid.Design.dll
E:\hy\ImageProcess\x64\Release\DevComponents.TreeGX.dll
E:\HY\IMAGEPROCESS\X64\RELEASE\IMAGEPROCESS.DLL
E:\HY\IMAGEPROCESS\X64\RELEASE\IMAGEPROCESS.PDB
