E:\HY\IMAGEPROCESS\IMAGEPROCESS\RELEASE\.NETFRAMEWORK,VERSION=V4.0.ASSEMBLYATTRIBUTES.OBJ
E:\HY\IMAGEPROCESS\IMAGEPROCESS\RELEASE\APP.RES
E:\HY\IMAGEPROCESS\IMAGEPROCESS\RELEASE\ASSEMBLYINFO.OBJ
E:\hy\ImageProcess\ImageProcess\Release\cl.command.1.tlog
E:\hy\ImageProcess\ImageProcess\Release\CL.read.1.tlog
E:\hy\ImageProcess\ImageProcess\Release\CL.write.1.tlog
E:\HY\IMAGEPROCESS\IMAGEPROCESS\RELEASE\IMAGEPROCESS.DLL.INTERMEDIATE.MANIFEST
E:\hy\ImageProcess\ImageProcess\Release\ImageProcess.ImageProcessControl.resources
E:\HY\IMAGEPROCESS\IMAGEPROCESS\RELEASE\IMAGEPROCESS.PCH
E:\hy\ImageProcess\ImageProcess\Release\ImageProcess.vcxproj.GenerateResource.Cache
E:\hy\ImageProcess\ImageProcess\Release\ImageProcess.vcxprojResolveAssemblyReference.cache
E:\hy\ImageProcess\ImageProcess\Release\ImageProcess.write.1.tlog
E:\HY\IMAGEPROCESS\IMAGEPROCESS\RELEASE\IMAGEPROCESSCONTROL.OBJ
E:\hy\ImageProcess\ImageProcess\Release\link.command.1.tlog
E:\hy\ImageProcess\ImageProcess\Release\link.read.1.tlog
E:\hy\ImageProcess\ImageProcess\Release\link.write.1.tlog
E:\hy\ImageProcess\ImageProcess\Release\link-cvtres.read.1.tlog
E:\hy\ImageProcess\ImageProcess\Release\link-cvtres.write.1.tlog
E:\hy\ImageProcess\ImageProcess\Release\mt.command.1.tlog
E:\hy\ImageProcess\ImageProcess\Release\mt.read.1.tlog
E:\hy\ImageProcess\ImageProcess\Release\mt.write.1.tlog
E:\hy\ImageProcess\ImageProcess\Release\rc.command.1.tlog
E:\hy\ImageProcess\ImageProcess\Release\rc.read.1.tlog
E:\hy\ImageProcess\ImageProcess\Release\rc.write.1.tlog
E:\HY\IMAGEPROCESS\IMAGEPROCESS\RELEASE\STDAFX.OBJ
E:\HY\IMAGEPROCESS\IMAGEPROCESS\RELEASE\VC100.PDB
E:\hy\ImageProcess\Release\DevComponents.TreeGX.dll
E:\HY\IMAGEPROCESS\RELEASE\IMAGEPROCESS.DLL
E:\HY\IMAGEPROCESS\RELEASE\IMAGEPROCESS.PDB
